<?xml version="1.0" encoding="UTF-8"?>
<testng-results skipped="0" failed="0" total="1" passed="1">
  <reporter-output>
  </reporter-output>
  <suite name="Default suite" duration-ms="58787" started-at="2019-07-02T04:02:45Z" finished-at="2019-07-02T04:03:44Z">
    <groups>
    </groups>
    <test name="Default test" duration-ms="58787" started-at="2019-07-02T04:02:45Z" finished-at="2019-07-02T04:03:44Z">
      <class name="com.flipflipom.testcases.TestCaseEletronics">
        <test-method status="PASS" signature="selectEletrinicsItem()[pri:0, instance:com.flipflipom.testcases.TestCaseEletronics@48eff760]" name="selectEletrinicsItem" duration-ms="58767" started-at="2019-07-01T21:02:45Z" finished-at="2019-07-01T21:03:44Z">
          <reporter-output>
          </reporter-output>
        </test-method> <!-- selectEletrinicsItem -->
      </class> <!-- com.flipflipom.testcases.TestCaseEletronics -->
    </test> <!-- Default test -->
  </suite> <!-- Default suite -->
</testng-results>
